Namespace(adam_epsilon=1e-08, add_task_prefix=False, data_dir='./data', do_eval=True, do_test=True, do_train=True, early_stop_threshold=8, eval_batch_size=25, gradient_accumulation_steps=2, learning_rate=5e-05, load_model_path=None, local_rank=-1, log_dir='./log', max_source_length=512, max_target_length=30, no_cuda=False, num_train_epochs=24, output_dir='./model', seed=42, train_batch_size=50, visible_gpu='0', warm_up_ratio=0.1, weight_decay=0.0)
Process rank: -1, device: cuda, n_gpu: 1, distributed training: False, model_name: Salesforce/codet5-base-multi-sum
model created!
Total 2342 training instances 
***** Running training *****
  Num examples = 2342
  Batch size = 50
  Num epoch = 24

***** Running evaluation *****
  Num examples = 780
  Batch size = 25
  epoch = 0
  eval_ppl = 1.00887
  global_step = 48
  train_loss = 3.7684
  ********************
Previous best ppl:inf
Achieve Best ppl:1.00887
  ********************
BLEU file: ./data/valid_pkg.jsonl
  bleu-4 = 18.77 	 Previous best bleu 0
  ********************
 Achieve Best bleu:18.77
  ********************

***** Running evaluation *****
  Num examples = 780
  Batch size = 25
  epoch = 1
  eval_ppl = 1.00784
  global_step = 95
  train_loss = 2.8
  ********************
Previous best ppl:1.00887
Achieve Best ppl:1.00784
  ********************
BLEU file: ./data/valid_pkg.jsonl
  bleu-4 = 20.69 	 Previous best bleu 18.77
  ********************
 Achieve Best bleu:20.69
  ********************

***** Running evaluation *****
  Num examples = 780
  Batch size = 25
  epoch = 2
  eval_ppl = 1.00739
  global_step = 142
  train_loss = 2.4468
  ********************
Previous best ppl:1.00784
Achieve Best ppl:1.00739
  ********************
BLEU file: ./data/valid_pkg.jsonl
  bleu-4 = 21.44 	 Previous best bleu 20.69
  ********************
 Achieve Best bleu:21.44
  ********************

***** Running evaluation *****
  Num examples = 780
  Batch size = 25
  epoch = 3
  eval_ppl = 1.00716
  global_step = 189
  train_loss = 2.1699
  ********************
Previous best ppl:1.00739
Achieve Best ppl:1.00716
  ********************
BLEU file: ./data/valid_pkg.jsonl
  bleu-4 = 22.15 	 Previous best bleu 21.44
  ********************
 Achieve Best bleu:22.15
  ********************

***** Running evaluation *****
  Num examples = 780
  Batch size = 25
  epoch = 4
  eval_ppl = 1.00708
  global_step = 236
  train_loss = 1.9278
  ********************
Previous best ppl:1.00716
Achieve Best ppl:1.00708
  ********************
BLEU file: ./data/valid_pkg.jsonl
  bleu-4 = 23.21 	 Previous best bleu 22.15
  ********************
 Achieve Best bleu:23.21
  ********************

***** Running evaluation *****
  Num examples = 780
  Batch size = 25
  epoch = 5
  eval_ppl = 1.00704
  global_step = 283
  train_loss = 1.733
  ********************
Previous best ppl:1.00708
Achieve Best ppl:1.00704
  ********************
BLEU file: ./data/valid_pkg.jsonl
  bleu-4 = 23.53 	 Previous best bleu 23.21
  ********************
 Achieve Best bleu:23.53
  ********************

***** Running evaluation *****
  Num examples = 780
  Batch size = 25
  epoch = 6
  eval_ppl = 1.00712
  global_step = 330
  train_loss = 1.5447
  ********************
Previous best ppl:1.00704
BLEU file: ./data/valid_pkg.jsonl
  bleu-4 = 22.87 	 Previous best bleu 23.53
  ********************

***** Running evaluation *****
  Num examples = 780
  Batch size = 25
  epoch = 7
  eval_ppl = 1.00706
  global_step = 377
  train_loss = 1.3843
  ********************
Previous best ppl:1.00704
BLEU file: ./data/valid_pkg.jsonl
  bleu-4 = 24.25 	 Previous best bleu 23.53
  ********************
 Achieve Best bleu:24.25
  ********************

***** Running evaluation *****
  Num examples = 780
  Batch size = 25
  epoch = 8
  eval_ppl = 1.00725
  global_step = 424
  train_loss = 1.2371
  ********************
Previous best ppl:1.00704
BLEU file: ./data/valid_pkg.jsonl
  bleu-4 = 23.82 	 Previous best bleu 24.25
  ********************

***** Running evaluation *****
  Num examples = 780
  Batch size = 25
  epoch = 9
  eval_ppl = 1.00725
  global_step = 471
  train_loss = 1.0984
  ********************
Previous best ppl:1.00704
BLEU file: ./data/valid_pkg.jsonl
  bleu-4 = 24.48 	 Previous best bleu 24.25
  ********************
 Achieve Best bleu:24.48
  ********************

***** Running evaluation *****
  Num examples = 780
  Batch size = 25
  epoch = 10
  eval_ppl = 1.0074
  global_step = 518
  train_loss = 0.9829
  ********************
Previous best ppl:1.00704
BLEU file: ./data/valid_pkg.jsonl
  bleu-4 = 24.5 	 Previous best bleu 24.48
  ********************
 Achieve Best bleu:24.5
  ********************

***** Running evaluation *****
  Num examples = 780
  Batch size = 25
  epoch = 11
  eval_ppl = 1.00742
  global_step = 565
  train_loss = 0.8763
  ********************
Previous best ppl:1.00704
BLEU file: ./data/valid_pkg.jsonl
  bleu-4 = 24.91 	 Previous best bleu 24.5
  ********************
 Achieve Best bleu:24.91
  ********************

***** Running evaluation *****
  Num examples = 780
  Batch size = 25
  epoch = 12
  eval_ppl = 1.0075
  global_step = 612
  train_loss = 0.7921
  ********************
Previous best ppl:1.00704
BLEU file: ./data/valid_pkg.jsonl
  bleu-4 = 25.21 	 Previous best bleu 24.91
  ********************
 Achieve Best bleu:25.21
  ********************

***** Running evaluation *****
  Num examples = 780
  Batch size = 25
  epoch = 13
  eval_ppl = 1.0076
  global_step = 659
  train_loss = 0.7188
  ********************
Previous best ppl:1.00704
BLEU file: ./data/valid_pkg.jsonl
  bleu-4 = 25.53 	 Previous best bleu 25.21
  ********************
 Achieve Best bleu:25.53
  ********************

***** Running evaluation *****
  Num examples = 780
  Batch size = 25
  epoch = 14
  eval_ppl = 1.00766
  global_step = 706
  train_loss = 0.6623
  ********************
Previous best ppl:1.00704
BLEU file: ./data/valid_pkg.jsonl
  bleu-4 = 25.95 	 Previous best bleu 25.53
  ********************
 Achieve Best bleu:25.95
  ********************

***** Running evaluation *****
  Num examples = 780
  Batch size = 25
  epoch = 15
  eval_ppl = 1.00769
  global_step = 753
  train_loss = 0.606
  ********************
Previous best ppl:1.00704
BLEU file: ./data/valid_pkg.jsonl
  bleu-4 = 25.78 	 Previous best bleu 25.95
  ********************

***** Running evaluation *****
  Num examples = 780
  Batch size = 25
  epoch = 16
  eval_ppl = 1.00771
  global_step = 800
  train_loss = 0.5596
  ********************
Previous best ppl:1.00704
BLEU file: ./data/valid_pkg.jsonl
  bleu-4 = 25.64 	 Previous best bleu 25.95
  ********************

***** Running evaluation *****
  Num examples = 780
  Batch size = 25
  epoch = 17
  eval_ppl = 1.00775
  global_step = 847
  train_loss = 0.5259
  ********************
Previous best ppl:1.00704
BLEU file: ./data/valid_pkg.jsonl
  bleu-4 = 26.82 	 Previous best bleu 25.95
  ********************
 Achieve Best bleu:26.82
  ********************

***** Running evaluation *****
  Num examples = 780
  Batch size = 25
  epoch = 18
  eval_ppl = 1.00778
  global_step = 894
  train_loss = 0.4951
  ********************
Previous best ppl:1.00704
BLEU file: ./data/valid_pkg.jsonl
  bleu-4 = 26.8 	 Previous best bleu 26.82
  ********************

***** Running evaluation *****
  Num examples = 780
  Batch size = 25
  epoch = 19
  eval_ppl = 1.00783
  global_step = 941
  train_loss = 0.4658
  ********************
Previous best ppl:1.00704
BLEU file: ./data/valid_pkg.jsonl
  bleu-4 = 26.41 	 Previous best bleu 26.82
  ********************

***** Running evaluation *****
  Num examples = 780
  Batch size = 25
  epoch = 20
  eval_ppl = 1.00787
  global_step = 988
  train_loss = 0.4476
  ********************
Previous best ppl:1.00704
BLEU file: ./data/valid_pkg.jsonl
  bleu-4 = 26.9 	 Previous best bleu 26.82
  ********************
 Achieve Best bleu:26.9
  ********************

***** Running evaluation *****
  Num examples = 780
  Batch size = 25
  epoch = 21
  eval_ppl = 1.0079
  global_step = 1035
  train_loss = 0.4279
  ********************
Previous best ppl:1.00704
BLEU file: ./data/valid_pkg.jsonl
  bleu-4 = 26.7 	 Previous best bleu 26.9
  ********************

***** Running evaluation *****
  Num examples = 780
  Batch size = 25
  epoch = 22
  eval_ppl = 1.0079
  global_step = 1082
  train_loss = 0.4179
  ********************
Previous best ppl:1.00704
BLEU file: ./data/valid_pkg.jsonl
  bleu-4 = 26.51 	 Previous best bleu 26.9
  ********************

***** Running evaluation *****
  Num examples = 780
  Batch size = 25
  epoch = 23
  eval_ppl = 1.0079
  global_step = 1129
  train_loss = 0.4095
  ********************
Previous best ppl:1.00704
BLEU file: ./data/valid_pkg.jsonl
  bleu-4 = 26.45 	 Previous best bleu 26.9
  ********************
BLEU file: ./data/valid_pkg.jsonl
  bleu-4 = 26.45 
  ********************
BLEU file: ./data/test_pkg.jsonl
  bleu-4 = 32.51 
  ********************
Finish training and take 1h8m
